<?xml version="1.0" encoding="UTF-8"?>
<!-- Generated by org.testng.reporters.JUnitXMLReporter -->
<testsuite ignored="0" hostname="DUSHMAN" failures="1" tests="1" name="Default test(failed)" time="5.471" errors="0" timestamp="2025-12-03T22:45:36 IST">
  <testcase classname="day1.Lab001" name="launchBrowser" time="3.912">
    <failure type="java.lang.AssertionError" message="The following asserts failed:
	Title does not contain &amp;apos;Banking&amp;apos; expected [true] but found [false]">
      <![CDATA[java.lang.AssertionError: The following asserts failed:
Title does not contain 'Banking' expected [true] but found [false]
at day1.Lab001.launchBrowser(Lab001.java:33)
at java.base/java.util.ArrayList.forEach(ArrayList.java:1596)
... Removed 27 stack frames]]>
    </failure>
  </testcase> <!-- launchBrowser -->
</testsuite> <!-- Default test(failed) -->
