<?xml version="1.0" encoding="UTF-8"?>
<!-- Generated by org.testng.reporters.JUnitXMLReporter -->
<testsuite ignored="1" hostname="DUSHMAN" failures="0" tests="2" name="Loans" time="0.017" errors="0" timestamp="2025-12-04T14:47:04 IST">
  <testcase classname="day1.lab004" name="manualhomeloan" time="0.003"/>
  <testcase classname="day1.lab004" name="webhomeloan" time="0.004"/>
  <testcase classname="day1.lab004" name="mobilehomeloan" time="0.0">
    <ignored/>
  </testcase> <!-- mobilehomeloan -->
</testsuite> <!-- Loans -->
