<?xml version="1.0" encoding="UTF-8"?>
<testng-results ignored="0" total="1" passed="1" failed="0" skipped="0">
  <reporter-output>
  </reporter-output>
  <suite started-at="2025-12-14T16:58:18 IST" name="Default suite" finished-at="2025-12-14T16:58:43 IST" duration-ms="25454">
    <groups>
    </groups>
    <test started-at="2025-12-14T16:58:18 IST" name="Default test" finished-at="2025-12-14T16:58:43 IST" duration-ms="25454">
      <class name="pom3.test1">
        <test-method is-config="true" signature="setUp()[pri:0, instance:pom3.test1@69e1dd28]" started-at="2025-12-14T16:58:18 IST" name="setUp" finished-at="2025-12-14T16:58:26 IST" duration-ms="8234" status="PASS">
          <reporter-output>
          </reporter-output>
        </test-method> <!-- setUp -->
        <test-method signature="test1()[pri:0, instance:pom3.test1@69e1dd28]" started-at="2025-12-14T16:58:26 IST" name="test1" finished-at="2025-12-14T16:58:43 IST" duration-ms="16750" status="PASS">
          <reporter-output>
          </reporter-output>
        </test-method> <!-- test1 -->
        <test-method is-config="true" signature="tearDown()[pri:0, instance:pom3.test1@69e1dd28]" started-at="2025-12-14T16:58:43 IST" name="tearDown" finished-at="2025-12-14T16:58:43 IST" duration-ms="326" status="PASS">
          <reporter-output>
          </reporter-output>
        </test-method> <!-- tearDown -->
      </class> <!-- pom3.test1 -->
    </test> <!-- Default test -->
  </suite> <!-- Default suite -->
</testng-results>
