<?xml version="1.0" encoding="UTF-8"?>
<testng-results ignored="0" total="1" passed="1" failed="0" skipped="0">
  <reporter-output>
  </reporter-output>
  <suite started-at="2025-12-12T13:49:13 IST" name="Default suite" finished-at="2025-12-12T13:49:18 IST" duration-ms="5105">
    <groups>
    </groups>
    <test started-at="2025-12-12T13:49:13 IST" name="Default test" finished-at="2025-12-12T13:49:18 IST" duration-ms="5105">
      <class name="pom1.logintets">
        <test-method is-config="true" signature="setup()[pri:0, instance:pom1.logintets@2cd2a21f]" started-at="2025-12-12T13:49:13 IST" name="setup" finished-at="2025-12-12T13:49:17 IST" duration-ms="4406" status="PASS">
          <reporter-output>
          </reporter-output>
        </test-method> <!-- setup -->
        <test-method signature="testlogin()[pri:0, instance:pom1.logintets@2cd2a21f]" started-at="2025-12-12T13:49:17 IST" name="testlogin" finished-at="2025-12-12T13:49:18 IST" duration-ms="530" status="PASS">
          <reporter-output>
          </reporter-output>
        </test-method> <!-- testlogin -->
        <test-method is-config="true" signature="teardown()[pri:0, instance:pom1.logintets@2cd2a21f]" started-at="2025-12-12T13:49:18 IST" name="teardown" finished-at="2025-12-12T13:49:18 IST" duration-ms="131" status="PASS">
          <reporter-output>
          </reporter-output>
        </test-method> <!-- teardown -->
      </class> <!-- pom1.logintets -->
    </test> <!-- Default test -->
  </suite> <!-- Default suite -->
</testng-results>
